# JRE version: OpenJDK Runtime Environment (11.0.12+7) (build 11.0.12+7-b1504.28-7817840)
# Java VM: OpenJDK 64-Bit Server VM (11.0.12+7-b1504.28-7817840, mixed mode, tiered, compressed oops, g1 gc, windows-amd64)
Heap:
 garbage-first heap   total 253952K, used 194362K [0x0000000080000000, 0x0000000100000000)
  region size 1024K, 101 young (103424K), 13 survivors (13312K)
 Metaspace       used 106107K, capacity 108524K, committed 109800K, reserved 1144832K
  class space    used 13179K, capacity 14107K, committed 14668K, reserved 1048576K
GC Heap History (20 events):
Event: 5.364 GC heap before
{Heap before GC invocations=7 (full 0):
 garbage-first heap   total 253952K, used 168703K [0x0000000080000000, 0x0000000100000000)
  region size 1024K, 142 young (145408K), 13 survivors (13312K)
 Metaspace       used 51754K, capacity 53117K, committed 53456K, reserved 1095680K
  class space    used 6593K, capacity 7124K, committed 7244K, reserved 1048576K
}
Event: 5.374 GC heap after
{Heap after GC invocations=8 (full 0):
 garbage-first heap   total 253952K, used 49105K [0x0000000080000000, 0x0000000100000000)
  region size 1024K, 18 young (18432K), 18 survivors (18432K)
 Metaspace       used 51754K, capacity 53117K, committed 53456K, reserved 1095680K
  class space    used 6593K, capacity 7124K, committed 7244K, reserved 1048576K
}
Event: 5.816 GC heap before
{Heap before GC invocations=8 (full 0):
 garbage-first heap   total 253952K, used 98257K [0x0000000080000000, 0x0000000100000000)
  region size 1024K, 67 young (68608K), 18 survivors (18432K)
 Metaspace       used 59025K, capacity 60405K, committed 60508K, reserved 1101824K
  class space    used 7421K, capacity 7947K, committed 8012K, reserved 1048576K
}
Event: 5.828 GC heap after
{Heap after GC invocations=9 (full 0):
 garbage-first heap   total 253952K, used 52875K [0x0000000080000000, 0x0000000100000000)
  region size 1024K, 4 young (4096K), 4 survivors (4096K)
 Metaspace       used 59025K, capacity 60405K, committed 60508K, reserved 1101824K
  class space    used 7421K, capacity 7947K, committed 8012K, reserved 1048576K
}
Event: 6.710 GC heap before
{Heap before GC invocations=10 (full 0):
 garbage-first heap   total 253952K, used 151179K [0x0000000080000000, 0x0000000100000000)
  region size 1024K, 100 young (102400K), 4 survivors (4096K)
 Metaspace       used 69011K, capacity 70579K, committed 70876K, reserved 1112064K
  class space    used 8696K, capacity 9318K, committed 9420K, reserved 1048576K
}
Event: 6.715 GC heap after
{Heap after GC invocations=11 (full 0):
 garbage-first heap   total 253952K, used 58150K [0x0000000080000000, 0x0000000100000000)
  region size 1024K, 9 young (9216K), 9 survivors (9216K)
 Metaspace       used 69011K, capacity 70579K, committed 70876K, reserved 1112064K
  class space    used 8696K, capacity 9318K, committed 9420K, reserved 1048576K
}
Event: 7.654 GC heap before
{Heap before GC invocations=11 (full 0):
 garbage-first heap   total 253952K, used 160550K [0x0000000080000000, 0x0000000100000000)
  region size 1024K, 109 young (111616K), 9 survivors (9216K)
 Metaspace       used 76118K, capacity 77820K, committed 78172K, reserved 1118208K
  class space    used 9784K, capacity 10444K, committed 10572K, reserved 1048576K
}
Event: 7.661 GC heap after
{Heap after GC invocations=12 (full 0):
 garbage-first heap   total 253952K, used 65463K [0x0000000080000000, 0x0000000100000000)
  region size 1024K, 14 young (14336K), 14 survivors (14336K)
 Metaspace       used 76118K, capacity 77820K, committed 78172K, reserved 1118208K
  class space    used 9784K, capacity 10444K, committed 10572K, reserved 1048576K
}
Event: 8.870 GC heap before
{Heap before GC invocations=12 (full 0):
 garbage-first heap   total 253952K, used 169911K [0x0000000080000000, 0x0000000100000000)
  region size 1024K, 116 young (118784K), 14 survivors (14336K)
 Metaspace       used 85833K, capacity 87687K, committed 87900K, reserved 1126400K
  class space    used 11080K, capacity 11796K, committed 11852K, reserved 1048576K
}
Event: 8.880 GC heap after
{Heap after GC invocations=13 (full 0):
 garbage-first heap   total 253952K, used 73242K [0x0000000080000000, 0x0000000100000000)
  region size 1024K, 15 young (15360K), 15 survivors (15360K)
 Metaspace       used 85833K, capacity 87687K, committed 87900K, reserved 1126400K
  class space    used 11080K, capacity 11796K, committed 11852K, reserved 1048576K
}
Event: 9.544 GC heap before
{Heap before GC invocations=13 (full 0):
 garbage-first heap   total 253952K, used 177690K [0x0000000080000000, 0x0000000100000000)
  region size 1024K, 118 young (120832K), 15 survivors (15360K)
 Metaspace       used 90977K, capacity 93761K, committed 93916K, reserved 1130496K
  class space    used 11856K, capacity 12952K, committed 13004K, reserved 1048576K
}
Event: 9.558 GC heap after
{Heap after GC invocations=14 (full 0):
 garbage-first heap   total 253952K, used 81366K [0x0000000080000000, 0x0000000100000000)
  region size 1024K, 15 young (15360K), 15 survivors (15360K)
 Metaspace       used 90977K, capacity 93761K, committed 93916K, reserved 1130496K
  class space    used 11856K, capacity 12952K, committed 13004K, reserved 1048576K
}
Event: 10.330 GC heap before
{Heap before GC invocations=14 (full 0):
 garbage-first heap   total 253952K, used 183766K [0x0000000080000000, 0x0000000100000000)
  region size 1024K, 116 young (118784K), 15 survivors (15360K)
 Metaspace       used 96664K, capacity 99536K, committed 99804K, reserved 1136640K
  class space    used 12557K, capacity 13655K, committed 13772K, reserved 1048576K
}
Event: 10.339 GC heap after
{Heap after GC invocations=15 (full 0):
 garbage-first heap   total 253952K, used 87212K [0x0000000080000000, 0x0000000100000000)
  region size 1024K, 6 young (6144K), 6 survivors (6144K)
 Metaspace       used 96664K, capacity 99536K, committed 99804K, reserved 1136640K
  class space    used 12557K, capacity 13655K, committed 13772K, reserved 1048576K
}
Event: 10.864 GC heap before
{Heap before GC invocations=15 (full 0):
 garbage-first heap   total 253952K, used 188588K [0x0000000080000000, 0x0000000100000000)
  region size 1024K, 107 young (109568K), 6 survivors (6144K)
 Metaspace       used 98283K, capacity 101093K, committed 101212K, reserved 1136640K
  class space    used 12730K, capacity 13812K, committed 13900K, reserved 1048576K
}
Event: 10.875 GC heap after
{Heap after GC invocations=16 (full 0):
 garbage-first heap   total 253952K, used 92892K [0x0000000080000000, 0x0000000100000000)
  region size 1024K, 11 young (11264K), 11 survivors (11264K)
 Metaspace       used 98283K, capacity 101093K, committed 101212K, reserved 1136640K
  class space    used 12730K, capacity 13812K, committed 13900K, reserved 1048576K
}
Event: 11.607 GC heap before
{Heap before GC invocations=17 (full 0):
 garbage-first heap   total 253952K, used 198364K [0x0000000080000000, 0x0000000100000000)
  region size 1024K, 82 young (83968K), 11 survivors (11264K)
 Metaspace       used 100715K, capacity 102930K, committed 104808K, reserved 1140736K
  class space    used 12782K, capacity 13641K, committed 14284K, reserved 1048576K
}
Event: 11.617 GC heap after
{Heap after GC invocations=18 (full 0):
 garbage-first heap   total 253952K, used 103570K [0x0000000080000000, 0x0000000100000000)
  region size 1024K, 14 young (14336K), 14 survivors (14336K)
 Metaspace       used 100715K, capacity 102930K, committed 104808K, reserved 1140736K
  class space    used 12782K, capacity 13641K, committed 14284K, reserved 1048576K
}
Event: 29.564 GC heap before
{Heap before GC invocations=19 (full 0):
 garbage-first heap   total 253952K, used 201874K [0x0000000080000000, 0x0000000100000000)
  region size 1024K, 102 young (104448K), 14 survivors (14336K)
 Metaspace       used 105482K, capacity 107805K, committed 109288K, reserved 1144832K
  class space    used 13152K, capacity 14060K, committed 14668K, reserved 1048576K
}
Event: 29.574 GC heap after
{Heap after GC invocations=20 (full 0):
 garbage-first heap   total 253952K, used 106298K [0x0000000080000000, 0x0000000100000000)
  region size 1024K, 13 young (13312K), 13 survivors (13312K)
 Metaspace       used 105482K, capacity 107805K, committed 109288K, reserved 1144832K
  class space    used 13152K, capacity 14060K, committed 14668K, reserved 1048576K
}

