# JRE version: OpenJDK Runtime Environment (11.0.12+7) (build 11.0.12+7-b1504.28-7817840)
# Java VM: OpenJDK 64-Bit Server VM (11.0.12+7-b1504.28-7817840, mixed mode, tiered, compressed oops, g1 gc, windows-amd64)
Heap:
 garbage-first heap   total 417792K, used 204581K [0x0000000080000000, 0x0000000100000000)
  region size 1024K, 5 young (5120K), 5 survivors (5120K)
 Metaspace       used 109128K, capacity 112473K, committed 113840K, reserved 1146880K
  class space    used 14406K, capacity 15841K, committed 16356K, reserved 1048576K
GC Heap History (20 events):
Event: 11.657 GC heap after
{Heap after GC invocations=18 (full 0):
 garbage-first heap   total 253952K, used 93832K [0x0000000080000000, 0x0000000100000000)
  region size 1024K, 6 young (6144K), 6 survivors (6144K)
 Metaspace       used 97758K, capacity 100585K, committed 100648K, reserved 1136640K
  class space    used 12678K, capacity 13804K, committed 13848K, reserved 1048576K
}
Event: 11.741 GC heap before
{Heap before GC invocations=18 (full 0):
 garbage-first heap   total 253952K, used 148104K [0x0000000080000000, 0x0000000100000000)
  region size 1024K, 61 young (62464K), 6 survivors (6144K)
 Metaspace       used 98335K, capacity 101182K, committed 101288K, reserved 1136640K
  class space    used 12767K, capacity 13876K, committed 13976K, reserved 1048576K
}
Event: 11.746 GC heap after
{Heap after GC invocations=19 (full 0):
 garbage-first heap   total 253952K, used 93770K [0x0000000080000000, 0x0000000100000000)
  region size 1024K, 8 young (8192K), 8 survivors (8192K)
 Metaspace       used 98335K, capacity 101182K, committed 101288K, reserved 1136640K
  class space    used 12767K, capacity 13876K, committed 13976K, reserved 1048576K
}
Event: 11.900 GC heap before
{Heap before GC invocations=20 (full 0):
 garbage-first heap   total 253952K, used 202314K [0x0000000080000000, 0x0000000100000000)
  region size 1024K, 115 young (117760K), 8 survivors (8192K)
 Metaspace       used 98162K, capacity 100358K, committed 102320K, reserved 1138688K
  class space    used 12543K, capacity 13393K, committed 14052K, reserved 1048576K
}
Event: 11.913 GC heap after
{Heap after GC invocations=21 (full 0):
 garbage-first heap   total 253952K, used 109989K [0x0000000080000000, 0x0000000100000000)
  region size 1024K, 15 young (15360K), 15 survivors (15360K)
 Metaspace       used 98162K, capacity 100358K, committed 102320K, reserved 1138688K
  class space    used 12543K, capacity 13393K, committed 14052K, reserved 1048576K
}
Event: 12.215 GC heap before
{Heap before GC invocations=22 (full 0):
 garbage-first heap   total 253952K, used 201125K [0x0000000080000000, 0x0000000100000000)
  region size 1024K, 105 young (107520K), 15 survivors (15360K)
 Metaspace       used 101577K, capacity 104134K, committed 105008K, reserved 1140736K
  class space    used 13093K, capacity 14116K, committed 14436K, reserved 1048576K
}
Event: 12.229 GC heap after
{Heap after GC invocations=23 (full 0):
 garbage-first heap   total 253952K, used 131631K [0x0000000080000000, 0x0000000100000000)
  region size 1024K, 14 young (14336K), 14 survivors (14336K)
 Metaspace       used 101577K, capacity 104134K, committed 105008K, reserved 1140736K
  class space    used 13093K, capacity 14116K, committed 14436K, reserved 1048576K
}
Event: 12.319 GC heap before
{Heap before GC invocations=23 (full 0):
 garbage-first heap   total 253952K, used 199215K [0x0000000080000000, 0x0000000100000000)
  region size 1024K, 81 young (82944K), 14 survivors (14336K)
 Metaspace       used 101956K, capacity 104720K, committed 105264K, reserved 1140736K
  class space    used 13176K, capacity 14261K, committed 14436K, reserved 1048576K
}
Event: 12.339 GC heap after
{Heap after GC invocations=24 (full 0):
 garbage-first heap   total 253952K, used 148467K [0x0000000080000000, 0x0000000100000000)
  region size 1024K, 11 young (11264K), 11 survivors (11264K)
 Metaspace       used 101956K, capacity 104720K, committed 105264K, reserved 1140736K
  class space    used 13176K, capacity 14261K, committed 14436K, reserved 1048576K
}
Event: 12.431 GC heap before
{Heap before GC invocations=24 (full 0):
 garbage-first heap   total 253952K, used 200691K [0x0000000080000000, 0x0000000100000000)
  region size 1024K, 63 young (64512K), 11 survivors (11264K)
 Metaspace       used 103605K, capacity 106492K, committed 106672K, reserved 1142784K
  class space    used 13419K, capacity 14550K, committed 14564K, reserved 1048576K
}
Event: 12.443 GC heap after
{Heap after GC invocations=25 (full 0):
 garbage-first heap   total 253952K, used 161036K [0x0000000080000000, 0x0000000100000000)
  region size 1024K, 8 young (8192K), 8 survivors (8192K)
 Metaspace       used 103605K, capacity 106492K, committed 106672K, reserved 1142784K
  class space    used 13419K, capacity 14550K, committed 14564K, reserved 1048576K
}
Event: 12.525 GC heap before
{Heap before GC invocations=26 (full 0):
 garbage-first heap   total 253952K, used 205068K [0x0000000080000000, 0x0000000100000000)
  region size 1024K, 51 young (52224K), 8 survivors (8192K)
 Metaspace       used 104868K, capacity 108042K, committed 108336K, reserved 1142784K
  class space    used 13745K, capacity 15125K, committed 15204K, reserved 1048576K
}
Event: 12.538 GC heap after
{Heap after GC invocations=27 (full 0):
 garbage-first heap   total 305152K, used 170886K [0x0000000080000000, 0x0000000100000000)
  region size 1024K, 7 young (7168K), 7 survivors (7168K)
 Metaspace       used 104868K, capacity 108042K, committed 108336K, reserved 1142784K
  class space    used 13745K, capacity 15125K, committed 15204K, reserved 1048576K
}
Event: 12.609 GC heap before
{Heap before GC invocations=27 (full 0):
 garbage-first heap   total 305152K, used 230278K [0x0000000080000000, 0x0000000100000000)
  region size 1024K, 65 young (66560K), 7 survivors (7168K)
 Metaspace       used 106047K, capacity 109483K, committed 109744K, reserved 1144832K
  class space    used 13998K, capacity 15475K, committed 15588K, reserved 1048576K
}
Event: 12.619 GC heap after
{Heap after GC invocations=28 (full 0):
 garbage-first heap   total 305152K, used 181040K [0x0000000080000000, 0x0000000100000000)
  region size 1024K, 9 young (9216K), 9 survivors (9216K)
 Metaspace       used 106047K, capacity 109483K, committed 109744K, reserved 1144832K
  class space    used 13998K, capacity 15475K, committed 15588K, reserved 1048576K
}
Event: 12.685 GC heap before
{Heap before GC invocations=28 (full 0):
 garbage-first heap   total 305152K, used 237360K [0x0000000080000000, 0x0000000100000000)
  region size 1024K, 64 young (65536K), 9 survivors (9216K)
 Metaspace       used 107241K, capacity 110789K, committed 111024K, reserved 1144832K
  class space    used 14233K, capacity 15758K, committed 15844K, reserved 1048576K
}
Event: 12.695 GC heap after
{Heap after GC invocations=29 (full 0):
 garbage-first heap   total 305152K, used 190833K [0x0000000080000000, 0x0000000100000000)
  region size 1024K, 8 young (8192K), 8 survivors (8192K)
 Metaspace       used 107241K, capacity 110789K, committed 111024K, reserved 1144832K
  class space    used 14233K, capacity 15758K, committed 15844K, reserved 1048576K
}
Event: 12.816 GC heap before
{Heap before GC invocations=29 (full 0):
 garbage-first heap   total 305152K, used 244081K [0x0000000080000000, 0x0000000100000000)
  region size 1024K, 60 young (61440K), 8 survivors (8192K)
 Metaspace       used 108552K, capacity 111860K, committed 113328K, reserved 1146880K
  class space    used 14347K, capacity 15768K, committed 16356K, reserved 1048576K
}
Event: 12.826 GC heap after
{Heap after GC invocations=30 (full 0):
 garbage-first heap   total 305152K, used 199974K [0x0000000080000000, 0x0000000100000000)
  region size 1024K, 8 young (8192K), 8 survivors (8192K)
 Metaspace       used 108552K, capacity 111860K, committed 113328K, reserved 1146880K
  class space    used 14347K, capacity 15768K, committed 16356K, reserved 1048576K
}
Event: 12.894 GC heap before
{Heap before GC invocations=31 (full 0):
 garbage-first heap   total 305152K, used 248102K [0x0000000080000000, 0x0000000100000000)
  region size 1024K, 56 young (57344K), 8 survivors (8192K)
 Metaspace       used 109128K, capacity 112473K, committed 113840K, reserved 1146880K
  class space    used 14406K, capacity 15841K, committed 16356K, reserved 1048576K
}

